SLURM_NTASKS: 24
implementing convergence test for kpoints 4 4 4
implementing convergence test for kpoints 6 6 6
implementing convergence test for kpoints 8 8 8
implementing convergence test for kpoints 10 10 10
implementing convergence test for kpoints 12 12 12
K-point convergence test completed
/var/spool/slurm/job43147/slurm_script: line 52: cd: kptest/KP4: No such file or directory
entering kptest/KP4
grep: OUTCAR: No such file or directory
grep: OUTCAR: No such file or directory
(standard_in) 1: syntax error
/var/spool/slurm/job43147/slurm_script: line 52: cd: kptest/KP6: No such file or directory
entering kptest/KP6
grep: OUTCAR: No such file or directory
grep: OUTCAR: No such file or directory
(standard_in) 1: syntax error
/var/spool/slurm/job43147/slurm_script: line 52: cd: kptest/KP8: No such file or directory
entering kptest/KP8
grep: OUTCAR: No such file or directory
grep: OUTCAR: No such file or directory
(standard_in) 1: syntax error
/var/spool/slurm/job43147/slurm_script: line 58: kpoints.out: Permission denied
/var/spool/slurm/job43147/slurm_script: line 52: cd: kptest/KP10: No such file or directory
entering kptest/KP10
grep: OUTCAR: No such file or directory
grep: OUTCAR: No such file or directory
(standard_in) 1: syntax error
/var/spool/slurm/job43147/slurm_script: line 58: kpoints.out: Permission denied
/var/spool/slurm/job43147/slurm_script: line 52: cd: kptest/KP12: No such file or directory
entering kptest/KP12
grep: OUTCAR: No such file or directory
grep: OUTCAR: No such file or directory
(standard_in) 1: syntax error
/var/spool/slurm/job43147/slurm_script: line 58: kpoints.out: Permission denied
Results written to kpoints.out
