SLURM_NTASKS: 24
mkdir: cannot create directory ‘kptest/KP5’: No such file or directory
cp: target '../kptest/KP5' is not a directory
/var/spool/slurm/job43146/slurm_script: line 41: cd: ../kptest/KP5: No such file or directory
implementing convergence test for kpoints 5 5 5
mkdir: cannot create directory ‘kptest/KP6’: No such file or directory
/var/spool/slurm/job43146/slurm_script: line 39: cd: input0: No such file or directory
cp: target '../kptest/KP6' is not a directory
/var/spool/slurm/job43146/slurm_script: line 41: cd: ../kptest/KP6: No such file or directory
implementing convergence test for kpoints 6 6 6
mkdir: cannot create directory ‘kptest/KP8’: No such file or directory
/var/spool/slurm/job43146/slurm_script: line 39: cd: input0: No such file or directory
cp: target '../kptest/KP8' is not a directory
/var/spool/slurm/job43146/slurm_script: line 41: cd: ../kptest/KP8: No such file or directory
implementing convergence test for kpoints 8 8 8
mkdir: cannot create directory ‘kptest/KP10’: No such file or directory
/var/spool/slurm/job43146/slurm_script: line 39: cd: input0: No such file or directory
cp: target '../kptest/KP10' is not a directory
/var/spool/slurm/job43146/slurm_script: line 41: cd: ../kptest/KP10: No such file or directory
/var/spool/slurm/job43146/slurm_script: line 27: KPOINTS: Permission denied
implementing convergence test for kpoints 10 10 10
/var/spool/slurm/job43146/slurm_script: line 44: stdout.x: Permission denied
mkdir: cannot create directory ‘kptest/KP12’: No such file or directory
/var/spool/slurm/job43146/slurm_script: line 39: cd: input0: No such file or directory
cp: target '../kptest/KP12' is not a directory
/var/spool/slurm/job43146/slurm_script: line 41: cd: ../kptest/KP12: No such file or directory
/var/spool/slurm/job43146/slurm_script: line 27: KPOINTS: Permission denied
implementing convergence test for kpoints 12 12 12
/var/spool/slurm/job43146/slurm_script: line 44: stdout.x: Permission denied
K-point convergence test completed
/var/spool/slurm/job43146/slurm_script: line 52: cd: kptest/KP5: No such file or directory
entering kptest/KP5
grep: OUTCAR: No such file or directory
grep: OUTCAR: No such file or directory
(standard_in) 1: syntax error
/var/spool/slurm/job43146/slurm_script: line 58: kpoints.out: Permission denied
/var/spool/slurm/job43146/slurm_script: line 52: cd: kptest/KP6: No such file or directory
entering kptest/KP6
grep: OUTCAR: No such file or directory
grep: OUTCAR: No such file or directory
(standard_in) 1: syntax error
/var/spool/slurm/job43146/slurm_script: line 58: kpoints.out: Permission denied
/var/spool/slurm/job43146/slurm_script: line 52: cd: kptest/KP8: No such file or directory
entering kptest/KP8
grep: OUTCAR: No such file or directory
grep: OUTCAR: No such file or directory
(standard_in) 1: syntax error
/var/spool/slurm/job43146/slurm_script: line 58: kpoints.out: Permission denied
/var/spool/slurm/job43146/slurm_script: line 52: cd: kptest/KP10: No such file or directory
entering kptest/KP10
grep: OUTCAR: No such file or directory
grep: OUTCAR: No such file or directory
(standard_in) 1: syntax error
/var/spool/slurm/job43146/slurm_script: line 58: kpoints.out: Permission denied
/var/spool/slurm/job43146/slurm_script: line 52: cd: kptest/KP12: No such file or directory
entering kptest/KP12
grep: OUTCAR: No such file or directory
grep: OUTCAR: No such file or directory
(standard_in) 1: syntax error
/var/spool/slurm/job43146/slurm_script: line 58: kpoints.out: Permission denied
Results written to kpoints.out
